<?xml version="1.0" encoding="UTF-8"?>
<!-- Generated by org.testng.reporters.JUnitXMLReporter -->
<testsuite hostname="ICT-OS-HUONGHTT" ignored="0" name="QLHoGDTest1" tests="21" failures="14" timestamp="16 Aug 2017 10:24:25 GMT" time="116.643" errors="0">
  <testcase name="themKhiNhapThieuThongTinBatBuoc" time="8.795" classname="quanlyhogiadinh.NhanKhauThemMoiTest">
    <failure type="org.openqa.selenium.NoSuchElementException" message="Unable to locate element: .//*[@id=&amp;apos;field_hoTen&amp;apos;]
For documentation on this error, please visit: http://seleniumhq.org/exceptions/no_such_element.html
Build info: version: &amp;apos;3.4.0&amp;apos;, revision: &amp;apos;unknown&amp;apos;, time: &amp;apos;unknown&amp;apos;
System info: host: &amp;apos;ICT-OS-HUONGHTT&amp;apos;, ip: &amp;apos;10.61.187.146&amp;apos;, os.name: &amp;apos;Windows 7&amp;apos;, os.arch: &amp;apos;amd64&amp;apos;, os.version: &amp;apos;6.1&amp;apos;, java.version: &amp;apos;1.8.0_101&amp;apos;
Driver info: org.openqa.selenium.firefox.FirefoxDriver
Capabilities [{moz:profile=C:\Users\ICT-OS~1\AppData\Local\Temp\rust_mozprofile.nds3VJL3ruEI, rotatable=false, timeouts={implicit=0.0, pageLoad=300000.0, script=30000.0}, pageLoadStrategy=normal, platform=ANY, specificationLevel=0.0, moz:accessibilityChecks=false, acceptInsecureCerts=false, browserVersion=54.0, platformVersion=6.1, moz:processID=7792.0, browserName=firefox, javascriptEnabled=true, platformName=windows_nt}]
Session ID: 921b6288-43db-4827-ac8a-cf0a09fc8c72
*** Element info: {Using=xpath, value=.//*[@id=&amp;apos;field_hoTen&amp;apos;]}">
      <![CDATA[org.openqa.selenium.NoSuchElementException: Unable to locate element: .//*[@id='field_hoTen']
For documentation on this error, please visit: http://seleniumhq.org/exceptions/no_such_element.html
Build info: version: '3.4.0', revision: 'unknown', time: 'unknown'
System info: host: 'ICT-OS-HUONGHTT', ip: '10.61.187.146', os.name: 'Windows 7', os.arch: 'amd64', os.version: '6.1', java.version: '1.8.0_101'
Driver info: org.openqa.selenium.firefox.FirefoxDriver
Capabilities [{moz:profile=C:\Users\ICT-OS~1\AppData\Local\Temp\rust_mozprofile.nds3VJL3ruEI, rotatable=false, timeouts={implicit=0.0, pageLoad=300000.0, script=30000.0}, pageLoadStrategy=normal, platform=ANY, specificationLevel=0.0, moz:accessibilityChecks=false, acceptInsecureCerts=false, browserVersion=54.0, platformVersion=6.1, moz:processID=7792.0, browserName=firefox, javascriptEnabled=true, platformName=windows_nt}]
Session ID: 921b6288-43db-4827-ac8a-cf0a09fc8c72
*** Element info: {Using=xpath, value=.//*[@id='field_hoTen']}
	at org.openqa.selenium.remote.http.W3CHttpResponseCodec.createException(W3CHttpResponseCodec.java:150)
	at org.openqa.selenium.remote.http.W3CHttpResponseCodec.decode(W3CHttpResponseCodec.java:115)
	at org.openqa.selenium.remote.http.W3CHttpResponseCodec.decode(W3CHttpResponseCodec.java:45)
	at org.openqa.selenium.remote.HttpCommandExecutor.execute(HttpCommandExecutor.java:164)
	at org.openqa.selenium.remote.service.DriverCommandExecutor.execute(DriverCommandExecutor.java:82)
	at org.openqa.selenium.remote.RemoteWebDriver.execute(RemoteWebDriver.java:637)
	at org.openqa.selenium.remote.RemoteWebDriver.findElement(RemoteWebDriver.java:410)
	at org.openqa.selenium.remote.RemoteWebDriver.findElementByXPath(RemoteWebDriver.java:509)
	at org.openqa.selenium.By$ByXPath.findElement(By.java:361)
	at org.openqa.selenium.remote.RemoteWebDriver.findElement(RemoteWebDriver.java:402)
	at genneral.Method.senKey(Method.java:15)
	at quanlyhogiadinh.NhanKhauThemMoi.themKhiNhapThieuThongTinBatBuoc(NhanKhauThemMoi.java:31)
	at quanlyhogiadinh.NhanKhauThemMoiTest.themKhiNhapThieuThongTinBatBuoc(NhanKhauThemMoiTest.java:29)
... Removed 29 stack frames]]>
    </failure>
  </testcase> <!-- themKhiNhapThieuThongTinBatBuoc -->
  <testcase name="kiemTraMauKhiSaiTruongBatBuoc" time="5.386" classname="quanlyhogiadinh.NhanKhauThemMoiTest"/>
  <testcase name="kiemTraMauKhiSaiTruongKhongBatBuoc" time="0.949" classname="quanlyhogiadinh.NhanKhauThemMoiTest"/>
  <testcase name="kiemTraChucNangNutDongOBuoc1" time="0.824" classname="quanlyhogiadinh.NhanKhauThemMoiTest"/>
  <testcase name="kiemTraThongBaoNhapNgSinhNhoHon1900" time="4.785" classname="quanlyhogiadinh.NhanKhauThemMoiTest"/>
  <testcase name="kiemTraThongBaoNhapNgSinhLonHonHienTai" time="7.262" classname="quanlyhogiadinh.NhanKhauThemMoiTest"/>
  <testcase name="kiemTraNgaySinhBang1900DuocChapNhan" time="14.881" classname="quanlyhogiadinh.NhanKhauThemMoiTest">
    <failure type="org.openqa.selenium.NoSuchElementException" message="Unable to locate element: html/body/div[1]/div/div/div/div[2]/div/div/div/div[1]/li[2]/div[1]
For documentation on this error, please visit: http://seleniumhq.org/exceptions/no_such_element.html
Build info: version: &amp;apos;3.4.0&amp;apos;, revision: &amp;apos;unknown&amp;apos;, time: &amp;apos;unknown&amp;apos;
System info: host: &amp;apos;ICT-OS-HUONGHTT&amp;apos;, ip: &amp;apos;10.61.187.146&amp;apos;, os.name: &amp;apos;Windows 7&amp;apos;, os.arch: &amp;apos;amd64&amp;apos;, os.version: &amp;apos;6.1&amp;apos;, java.version: &amp;apos;1.8.0_101&amp;apos;
Driver info: org.openqa.selenium.firefox.FirefoxDriver
Capabilities [{moz:profile=C:\Users\ICT-OS~1\AppData\Local\Temp\rust_mozprofile.nds3VJL3ruEI, rotatable=false, timeouts={implicit=0.0, pageLoad=300000.0, script=30000.0}, pageLoadStrategy=normal, platform=ANY, specificationLevel=0.0, moz:accessibilityChecks=false, acceptInsecureCerts=false, browserVersion=54.0, platformVersion=6.1, moz:processID=7792.0, browserName=firefox, javascriptEnabled=true, platformName=windows_nt}]
Session ID: 921b6288-43db-4827-ac8a-cf0a09fc8c72
*** Element info: {Using=xpath, value=html/body/div[1]/div/div/div/div[2]/div/div/div/div[1]/li[2]/div[1]}">
      <![CDATA[org.openqa.selenium.NoSuchElementException: Unable to locate element: html/body/div[1]/div/div/div/div[2]/div/div/div/div[1]/li[2]/div[1]
For documentation on this error, please visit: http://seleniumhq.org/exceptions/no_such_element.html
Build info: version: '3.4.0', revision: 'unknown', time: 'unknown'
System info: host: 'ICT-OS-HUONGHTT', ip: '10.61.187.146', os.name: 'Windows 7', os.arch: 'amd64', os.version: '6.1', java.version: '1.8.0_101'
Driver info: org.openqa.selenium.firefox.FirefoxDriver
Capabilities [{moz:profile=C:\Users\ICT-OS~1\AppData\Local\Temp\rust_mozprofile.nds3VJL3ruEI, rotatable=false, timeouts={implicit=0.0, pageLoad=300000.0, script=30000.0}, pageLoadStrategy=normal, platform=ANY, specificationLevel=0.0, moz:accessibilityChecks=false, acceptInsecureCerts=false, browserVersion=54.0, platformVersion=6.1, moz:processID=7792.0, browserName=firefox, javascriptEnabled=true, platformName=windows_nt}]
Session ID: 921b6288-43db-4827-ac8a-cf0a09fc8c72
*** Element info: {Using=xpath, value=html/body/div[1]/div/div/div/div[2]/div/div/div/div[1]/li[2]/div[1]}
	at org.openqa.selenium.remote.http.W3CHttpResponseCodec.createException(W3CHttpResponseCodec.java:150)
	at org.openqa.selenium.remote.http.W3CHttpResponseCodec.decode(W3CHttpResponseCodec.java:115)
	at org.openqa.selenium.remote.http.W3CHttpResponseCodec.decode(W3CHttpResponseCodec.java:45)
	at org.openqa.selenium.remote.HttpCommandExecutor.execute(HttpCommandExecutor.java:164)
	at org.openqa.selenium.remote.service.DriverCommandExecutor.execute(DriverCommandExecutor.java:82)
	at org.openqa.selenium.remote.RemoteWebDriver.execute(RemoteWebDriver.java:637)
	at org.openqa.selenium.remote.RemoteWebDriver.findElement(RemoteWebDriver.java:410)
	at org.openqa.selenium.remote.RemoteWebDriver.findElementByXPath(RemoteWebDriver.java:509)
	at org.openqa.selenium.By$ByXPath.findElement(By.java:361)
	at org.openqa.selenium.remote.RemoteWebDriver.findElement(RemoteWebDriver.java:402)
	at genneral.Method.findElement(Method.java:11)
	at quanlyhogiadinh.NhanKhauThemMoi.kiemTraNgaySinhBang1900DuocChapNhan(NhanKhauThemMoi.java:159)
	at quanlyhogiadinh.NhanKhauThemMoiTest.kiemTraNgaySinhBang1900DuocChapNhan(NhanKhauThemMoiTest.java:59)
... Removed 29 stack frames]]>
    </failure>
  </testcase> <!-- kiemTraNgaySinhBang1900DuocChapNhan -->
  <testcase name="kiemTraThongBaoTreEmDuoi1TuoiKhongCoNgGiamHo" time="6.833" classname="quanlyhogiadinh.NhanKhauThemMoiTest"/>
  <testcase name="kiemTraThongBaoTreEmDuoi1TuoiKhongNhapQHVoiNgGiamHo" time="5.026" classname="quanlyhogiadinh.NhanKhauThemMoiTest">
    <failure type="org.openqa.selenium.NoSuchElementException" message="Unable to locate element: .//*[@id=&amp;apos;body&amp;apos;]/div[1]/div/div/div/div[2]/div/div/div/div[2]/section[1]/form/div[5]/div[1]/input
For documentation on this error, please visit: http://seleniumhq.org/exceptions/no_such_element.html
Build info: version: &amp;apos;3.4.0&amp;apos;, revision: &amp;apos;unknown&amp;apos;, time: &amp;apos;unknown&amp;apos;
System info: host: &amp;apos;ICT-OS-HUONGHTT&amp;apos;, ip: &amp;apos;10.61.187.146&amp;apos;, os.name: &amp;apos;Windows 7&amp;apos;, os.arch: &amp;apos;amd64&amp;apos;, os.version: &amp;apos;6.1&amp;apos;, java.version: &amp;apos;1.8.0_101&amp;apos;
Driver info: org.openqa.selenium.firefox.FirefoxDriver
Capabilities [{moz:profile=C:\Users\ICT-OS~1\AppData\Local\Temp\rust_mozprofile.nds3VJL3ruEI, rotatable=false, timeouts={implicit=0.0, pageLoad=300000.0, script=30000.0}, pageLoadStrategy=normal, platform=ANY, specificationLevel=0.0, moz:accessibilityChecks=false, acceptInsecureCerts=false, browserVersion=54.0, platformVersion=6.1, moz:processID=7792.0, browserName=firefox, javascriptEnabled=true, platformName=windows_nt}]
Session ID: 921b6288-43db-4827-ac8a-cf0a09fc8c72
*** Element info: {Using=xpath, value=.//*[@id=&amp;apos;body&amp;apos;]/div[1]/div/div/div/div[2]/div/div/div/div[2]/section[1]/form/div[5]/div[1]/input}">
      <![CDATA[org.openqa.selenium.NoSuchElementException: Unable to locate element: .//*[@id='body']/div[1]/div/div/div/div[2]/div/div/div/div[2]/section[1]/form/div[5]/div[1]/input
For documentation on this error, please visit: http://seleniumhq.org/exceptions/no_such_element.html
Build info: version: '3.4.0', revision: 'unknown', time: 'unknown'
System info: host: 'ICT-OS-HUONGHTT', ip: '10.61.187.146', os.name: 'Windows 7', os.arch: 'amd64', os.version: '6.1', java.version: '1.8.0_101'
Driver info: org.openqa.selenium.firefox.FirefoxDriver
Capabilities [{moz:profile=C:\Users\ICT-OS~1\AppData\Local\Temp\rust_mozprofile.nds3VJL3ruEI, rotatable=false, timeouts={implicit=0.0, pageLoad=300000.0, script=30000.0}, pageLoadStrategy=normal, platform=ANY, specificationLevel=0.0, moz:accessibilityChecks=false, acceptInsecureCerts=false, browserVersion=54.0, platformVersion=6.1, moz:processID=7792.0, browserName=firefox, javascriptEnabled=true, platformName=windows_nt}]
Session ID: 921b6288-43db-4827-ac8a-cf0a09fc8c72
*** Element info: {Using=xpath, value=.//*[@id='body']/div[1]/div/div/div/div[2]/div/div/div/div[2]/section[1]/form/div[5]/div[1]/input}
	at org.openqa.selenium.remote.http.W3CHttpResponseCodec.createException(W3CHttpResponseCodec.java:150)
	at org.openqa.selenium.remote.http.W3CHttpResponseCodec.decode(W3CHttpResponseCodec.java:115)
	at org.openqa.selenium.remote.http.W3CHttpResponseCodec.decode(W3CHttpResponseCodec.java:45)
	at org.openqa.selenium.remote.HttpCommandExecutor.execute(HttpCommandExecutor.java:164)
	at org.openqa.selenium.remote.service.DriverCommandExecutor.execute(DriverCommandExecutor.java:82)
	at org.openqa.selenium.remote.RemoteWebDriver.execute(RemoteWebDriver.java:637)
	at org.openqa.selenium.remote.RemoteWebDriver.findElement(RemoteWebDriver.java:410)
	at org.openqa.selenium.remote.RemoteWebDriver.findElementByXPath(RemoteWebDriver.java:509)
	at org.openqa.selenium.By$ByXPath.findElement(By.java:361)
	at org.openqa.selenium.remote.RemoteWebDriver.findElement(RemoteWebDriver.java:402)
	at genneral.Method.senKey(Method.java:15)
	at quanlyhogiadinh.NhanKhauThemMoi.kiemTraThongBaoTreEmDuoi1TuoiKhongNhapQHVoiNgGiamHo(NhanKhauThemMoi.java:189)
	at quanlyhogiadinh.NhanKhauThemMoiTest.kiemTraThongBaoTreEmDuoi1TuoiKhongNhapQHVoiNgGiamHo(NhanKhauThemMoiTest.java:69)
... Removed 29 stack frames]]>
    </failure>
  </testcase> <!-- kiemTraThongBaoTreEmDuoi1TuoiKhongNhapQHVoiNgGiamHo -->
  <testcase name="kiemTraThongBaoKhiBoTrongTruongDanToc" time="5.454" classname="quanlyhogiadinh.NhanKhauThemMoiTest">
    <failure type="org.openqa.selenium.NoSuchElementException" message="Unable to locate element: .//*[@id=&amp;apos;body&amp;apos;]/div[1]/div/div/div/div[2]/div/div/div/div[2]/section[1]/form/div[5]/div[2]/div/ul/li/div[3]
For documentation on this error, please visit: http://seleniumhq.org/exceptions/no_such_element.html
Build info: version: &amp;apos;3.4.0&amp;apos;, revision: &amp;apos;unknown&amp;apos;, time: &amp;apos;unknown&amp;apos;
System info: host: &amp;apos;ICT-OS-HUONGHTT&amp;apos;, ip: &amp;apos;10.61.187.146&amp;apos;, os.name: &amp;apos;Windows 7&amp;apos;, os.arch: &amp;apos;amd64&amp;apos;, os.version: &amp;apos;6.1&amp;apos;, java.version: &amp;apos;1.8.0_101&amp;apos;
Driver info: org.openqa.selenium.firefox.FirefoxDriver
Capabilities [{moz:profile=C:\Users\ICT-OS~1\AppData\Local\Temp\rust_mozprofile.nds3VJL3ruEI, rotatable=false, timeouts={implicit=0.0, pageLoad=300000.0, script=30000.0}, pageLoadStrategy=normal, platform=ANY, specificationLevel=0.0, moz:accessibilityChecks=false, acceptInsecureCerts=false, browserVersion=54.0, platformVersion=6.1, moz:processID=7792.0, browserName=firefox, javascriptEnabled=true, platformName=windows_nt}]
Session ID: 921b6288-43db-4827-ac8a-cf0a09fc8c72
*** Element info: {Using=xpath, value=.//*[@id=&amp;apos;body&amp;apos;]/div[1]/div/div/div/div[2]/div/div/div/div[2]/section[1]/form/div[5]/div[2]/div/ul/li/div[3]}">
      <![CDATA[org.openqa.selenium.NoSuchElementException: Unable to locate element: .//*[@id='body']/div[1]/div/div/div/div[2]/div/div/div/div[2]/section[1]/form/div[5]/div[2]/div/ul/li/div[3]
For documentation on this error, please visit: http://seleniumhq.org/exceptions/no_such_element.html
Build info: version: '3.4.0', revision: 'unknown', time: 'unknown'
System info: host: 'ICT-OS-HUONGHTT', ip: '10.61.187.146', os.name: 'Windows 7', os.arch: 'amd64', os.version: '6.1', java.version: '1.8.0_101'
Driver info: org.openqa.selenium.firefox.FirefoxDriver
Capabilities [{moz:profile=C:\Users\ICT-OS~1\AppData\Local\Temp\rust_mozprofile.nds3VJL3ruEI, rotatable=false, timeouts={implicit=0.0, pageLoad=300000.0, script=30000.0}, pageLoadStrategy=normal, platform=ANY, specificationLevel=0.0, moz:accessibilityChecks=false, acceptInsecureCerts=false, browserVersion=54.0, platformVersion=6.1, moz:processID=7792.0, browserName=firefox, javascriptEnabled=true, platformName=windows_nt}]
Session ID: 921b6288-43db-4827-ac8a-cf0a09fc8c72
*** Element info: {Using=xpath, value=.//*[@id='body']/div[1]/div/div/div/div[2]/div/div/div/div[2]/section[1]/form/div[5]/div[2]/div/ul/li/div[3]}
	at org.openqa.selenium.remote.http.W3CHttpResponseCodec.createException(W3CHttpResponseCodec.java:150)
	at org.openqa.selenium.remote.http.W3CHttpResponseCodec.decode(W3CHttpResponseCodec.java:115)
	at org.openqa.selenium.remote.http.W3CHttpResponseCodec.decode(W3CHttpResponseCodec.java:45)
	at org.openqa.selenium.remote.HttpCommandExecutor.execute(HttpCommandExecutor.java:164)
	at org.openqa.selenium.remote.service.DriverCommandExecutor.execute(DriverCommandExecutor.java:82)
	at org.openqa.selenium.remote.RemoteWebDriver.execute(RemoteWebDriver.java:637)
	at org.openqa.selenium.remote.RemoteWebDriver.findElement(RemoteWebDriver.java:410)
	at org.openqa.selenium.remote.RemoteWebDriver.findElementByXPath(RemoteWebDriver.java:509)
	at org.openqa.selenium.By$ByXPath.findElement(By.java:361)
	at org.openqa.selenium.remote.RemoteWebDriver.findElement(RemoteWebDriver.java:402)
	at genneral.Method.click(Method.java:31)
	at quanlyhogiadinh.NhanKhauThemMoi.kiemTraThongBaoKhiBoTrongTruongDanToc(NhanKhauThemMoi.java:206)
	at quanlyhogiadinh.NhanKhauThemMoiTest.kiemTraThongBaoKhiBoTrongTruongDanToc(NhanKhauThemMoiTest.java:74)
... Removed 29 stack frames]]>
    </failure>
  </testcase> <!-- kiemTraThongBaoKhiBoTrongTruongDanToc -->
  <testcase name="kiemTraThongBaoKhiBoTrongTruongQuocTich" time="0.086" classname="quanlyhogiadinh.NhanKhauThemMoiTest">
    <failure type="org.openqa.selenium.ElementNotInteractableException" message="
Build info: version: &amp;apos;3.4.0&amp;apos;, revision: &amp;apos;unknown&amp;apos;, time: &amp;apos;unknown&amp;apos;
System info: host: &amp;apos;ICT-OS-HUONGHTT&amp;apos;, ip: &amp;apos;10.61.187.146&amp;apos;, os.name: &amp;apos;Windows 7&amp;apos;, os.arch: &amp;apos;amd64&amp;apos;, os.version: &amp;apos;6.1&amp;apos;, java.version: &amp;apos;1.8.0_101&amp;apos;
Driver info: org.openqa.selenium.firefox.FirefoxDriver
Capabilities [{moz:profile=C:\Users\ICT-OS~1\AppData\Local\Temp\rust_mozprofile.nds3VJL3ruEI, rotatable=false, timeouts={implicit=0.0, pageLoad=300000.0, script=30000.0}, pageLoadStrategy=normal, platform=ANY, specificationLevel=0.0, moz:accessibilityChecks=false, acceptInsecureCerts=false, browserVersion=54.0, platformVersion=6.1, moz:processID=7792.0, browserName=firefox, javascriptEnabled=true, platformName=windows_nt}]
Session ID: 921b6288-43db-4827-ac8a-cf0a09fc8c72">
      <![CDATA[org.openqa.selenium.ElementNotInteractableException: 
Build info: version: '3.4.0', revision: 'unknown', time: 'unknown'
System info: host: 'ICT-OS-HUONGHTT', ip: '10.61.187.146', os.name: 'Windows 7', os.arch: 'amd64', os.version: '6.1', java.version: '1.8.0_101'
Driver info: org.openqa.selenium.firefox.FirefoxDriver
Capabilities [{moz:profile=C:\Users\ICT-OS~1\AppData\Local\Temp\rust_mozprofile.nds3VJL3ruEI, rotatable=false, timeouts={implicit=0.0, pageLoad=300000.0, script=30000.0}, pageLoadStrategy=normal, platform=ANY, specificationLevel=0.0, moz:accessibilityChecks=false, acceptInsecureCerts=false, browserVersion=54.0, platformVersion=6.1, moz:processID=7792.0, browserName=firefox, javascriptEnabled=true, platformName=windows_nt}]
Session ID: 921b6288-43db-4827-ac8a-cf0a09fc8c72
	at org.openqa.selenium.remote.http.W3CHttpResponseCodec.createException(W3CHttpResponseCodec.java:150)
	at org.openqa.selenium.remote.http.W3CHttpResponseCodec.decode(W3CHttpResponseCodec.java:115)
	at org.openqa.selenium.remote.http.W3CHttpResponseCodec.decode(W3CHttpResponseCodec.java:45)
	at org.openqa.selenium.remote.HttpCommandExecutor.execute(HttpCommandExecutor.java:164)
	at org.openqa.selenium.remote.service.DriverCommandExecutor.execute(DriverCommandExecutor.java:82)
	at org.openqa.selenium.remote.RemoteWebDriver.execute(RemoteWebDriver.java:637)
	at org.openqa.selenium.remote.RemoteWebElement.execute(RemoteWebElement.java:272)
	at org.openqa.selenium.remote.RemoteWebElement.click(RemoteWebElement.java:82)
	at genneral.Method.click(Method.java:31)
	at quanlyhogiadinh.NhanKhauThemMoi.kiemTraThongBaoKhiBoTrongTruongQuocTich(NhanKhauThemMoi.java:227)
	at quanlyhogiadinh.NhanKhauThemMoiTest.kiemTraThongBaoKhiBoTrongTruongQuocTich(NhanKhauThemMoiTest.java:79)
... Removed 29 stack frames]]>
    </failure>
  </testcase> <!-- kiemTraThongBaoKhiBoTrongTruongQuocTich -->
  <testcase name="kiemTraThongBaoKhiBoTrongTruongTonGiao" time="0.05" classname="quanlyhogiadinh.NhanKhauThemMoiTest">
    <failure type="org.openqa.selenium.ElementNotInteractableException" message="
Build info: version: &amp;apos;3.4.0&amp;apos;, revision: &amp;apos;unknown&amp;apos;, time: &amp;apos;unknown&amp;apos;
System info: host: &amp;apos;ICT-OS-HUONGHTT&amp;apos;, ip: &amp;apos;10.61.187.146&amp;apos;, os.name: &amp;apos;Windows 7&amp;apos;, os.arch: &amp;apos;amd64&amp;apos;, os.version: &amp;apos;6.1&amp;apos;, java.version: &amp;apos;1.8.0_101&amp;apos;
Driver info: org.openqa.selenium.firefox.FirefoxDriver
Capabilities [{moz:profile=C:\Users\ICT-OS~1\AppData\Local\Temp\rust_mozprofile.nds3VJL3ruEI, rotatable=false, timeouts={implicit=0.0, pageLoad=300000.0, script=30000.0}, pageLoadStrategy=normal, platform=ANY, specificationLevel=0.0, moz:accessibilityChecks=false, acceptInsecureCerts=false, browserVersion=54.0, platformVersion=6.1, moz:processID=7792.0, browserName=firefox, javascriptEnabled=true, platformName=windows_nt}]
Session ID: 921b6288-43db-4827-ac8a-cf0a09fc8c72">
      <![CDATA[org.openqa.selenium.ElementNotInteractableException: 
Build info: version: '3.4.0', revision: 'unknown', time: 'unknown'
System info: host: 'ICT-OS-HUONGHTT', ip: '10.61.187.146', os.name: 'Windows 7', os.arch: 'amd64', os.version: '6.1', java.version: '1.8.0_101'
Driver info: org.openqa.selenium.firefox.FirefoxDriver
Capabilities [{moz:profile=C:\Users\ICT-OS~1\AppData\Local\Temp\rust_mozprofile.nds3VJL3ruEI, rotatable=false, timeouts={implicit=0.0, pageLoad=300000.0, script=30000.0}, pageLoadStrategy=normal, platform=ANY, specificationLevel=0.0, moz:accessibilityChecks=false, acceptInsecureCerts=false, browserVersion=54.0, platformVersion=6.1, moz:processID=7792.0, browserName=firefox, javascriptEnabled=true, platformName=windows_nt}]
Session ID: 921b6288-43db-4827-ac8a-cf0a09fc8c72
	at org.openqa.selenium.remote.http.W3CHttpResponseCodec.createException(W3CHttpResponseCodec.java:150)
	at org.openqa.selenium.remote.http.W3CHttpResponseCodec.decode(W3CHttpResponseCodec.java:115)
	at org.openqa.selenium.remote.http.W3CHttpResponseCodec.decode(W3CHttpResponseCodec.java:45)
	at org.openqa.selenium.remote.HttpCommandExecutor.execute(HttpCommandExecutor.java:164)
	at org.openqa.selenium.remote.service.DriverCommandExecutor.execute(DriverCommandExecutor.java:82)
	at org.openqa.selenium.remote.RemoteWebDriver.execute(RemoteWebDriver.java:637)
	at org.openqa.selenium.remote.RemoteWebElement.execute(RemoteWebElement.java:272)
	at org.openqa.selenium.remote.RemoteWebElement.click(RemoteWebElement.java:82)
	at genneral.Method.click(Method.java:31)
	at quanlyhogiadinh.NhanKhauThemMoi.kiemTraThongBaoKhiBoTrongTruongTonGiao(NhanKhauThemMoi.java:245)
	at quanlyhogiadinh.NhanKhauThemMoiTest.kiemTraThongBaoKhiBoTrongTruongTonGiao(NhanKhauThemMoiTest.java:84)
... Removed 29 stack frames]]>
    </failure>
  </testcase> <!-- kiemTraThongBaoKhiBoTrongTruongTonGiao -->
  <testcase name="kiemTraMauKhungBoTrongDanTocQuocTichTonGiao" time="0.12" classname="quanlyhogiadinh.NhanKhauThemMoiTest">
    <failure type="java.lang.AssertionError" message="expected [rgb(102, 102, 102)] but found [rgb(255, 0, 0)]">
      <![CDATA[java.lang.AssertionError: expected [rgb(102, 102, 102)] but found [rgb(255, 0, 0)]
	at quanlyhogiadinh.NhanKhauThemMoi.kiemTraMauKhungBoTrongDanTocQuocTichTonGiao(NhanKhauThemMoi.java:264)
	at quanlyhogiadinh.NhanKhauThemMoiTest.kiemTraMauKhungBoTrongDanTocQuocTichTonGiao(NhanKhauThemMoiTest.java:89)
... Removed 31 stack frames]]>
    </failure>
  </testcase> <!-- kiemTraMauKhungBoTrongDanTocQuocTichTonGiao -->
  <testcase name="kiemTraNutLuuMH2KhiNhapThieuThongTin" time="0.031" classname="quanlyhogiadinh.NhanKhauThemMoiTest"/>
  <testcase name="kiemTraChucNangNutQuayLaiMH2" time="0.032" classname="quanlyhogiadinh.NhanKhauThemMoiTest">
    <failure type="org.openqa.selenium.ElementNotInteractableException" message="
Build info: version: &amp;apos;3.4.0&amp;apos;, revision: &amp;apos;unknown&amp;apos;, time: &amp;apos;unknown&amp;apos;
System info: host: &amp;apos;ICT-OS-HUONGHTT&amp;apos;, ip: &amp;apos;10.61.187.146&amp;apos;, os.name: &amp;apos;Windows 7&amp;apos;, os.arch: &amp;apos;amd64&amp;apos;, os.version: &amp;apos;6.1&amp;apos;, java.version: &amp;apos;1.8.0_101&amp;apos;
Driver info: org.openqa.selenium.firefox.FirefoxDriver
Capabilities [{moz:profile=C:\Users\ICT-OS~1\AppData\Local\Temp\rust_mozprofile.nds3VJL3ruEI, rotatable=false, timeouts={implicit=0.0, pageLoad=300000.0, script=30000.0}, pageLoadStrategy=normal, platform=ANY, specificationLevel=0.0, moz:accessibilityChecks=false, acceptInsecureCerts=false, browserVersion=54.0, platformVersion=6.1, moz:processID=7792.0, browserName=firefox, javascriptEnabled=true, platformName=windows_nt}]
Session ID: 921b6288-43db-4827-ac8a-cf0a09fc8c72">
      <![CDATA[org.openqa.selenium.ElementNotInteractableException: 
Build info: version: '3.4.0', revision: 'unknown', time: 'unknown'
System info: host: 'ICT-OS-HUONGHTT', ip: '10.61.187.146', os.name: 'Windows 7', os.arch: 'amd64', os.version: '6.1', java.version: '1.8.0_101'
Driver info: org.openqa.selenium.firefox.FirefoxDriver
Capabilities [{moz:profile=C:\Users\ICT-OS~1\AppData\Local\Temp\rust_mozprofile.nds3VJL3ruEI, rotatable=false, timeouts={implicit=0.0, pageLoad=300000.0, script=30000.0}, pageLoadStrategy=normal, platform=ANY, specificationLevel=0.0, moz:accessibilityChecks=false, acceptInsecureCerts=false, browserVersion=54.0, platformVersion=6.1, moz:processID=7792.0, browserName=firefox, javascriptEnabled=true, platformName=windows_nt}]
Session ID: 921b6288-43db-4827-ac8a-cf0a09fc8c72
	at org.openqa.selenium.remote.http.W3CHttpResponseCodec.createException(W3CHttpResponseCodec.java:150)
	at org.openqa.selenium.remote.http.W3CHttpResponseCodec.decode(W3CHttpResponseCodec.java:115)
	at org.openqa.selenium.remote.http.W3CHttpResponseCodec.decode(W3CHttpResponseCodec.java:45)
	at org.openqa.selenium.remote.HttpCommandExecutor.execute(HttpCommandExecutor.java:164)
	at org.openqa.selenium.remote.service.DriverCommandExecutor.execute(DriverCommandExecutor.java:82)
	at org.openqa.selenium.remote.RemoteWebDriver.execute(RemoteWebDriver.java:637)
	at org.openqa.selenium.remote.RemoteWebElement.execute(RemoteWebElement.java:272)
	at org.openqa.selenium.remote.RemoteWebElement.click(RemoteWebElement.java:82)
	at genneral.Method.click(Method.java:31)
	at quanlyhogiadinh.NhanKhauThemMoi.kiemTraChucNangNutQuayLaiMH2(NhanKhauThemMoi.java:279)
	at quanlyhogiadinh.NhanKhauThemMoiTest.kiemTraChucNangNutQuayLaiMH2(NhanKhauThemMoiTest.java:99)
... Removed 29 stack frames]]>
    </failure>
  </testcase> <!-- kiemTraChucNangNutQuayLaiMH2 -->
  <testcase name="kiemTraChucNangNutDongMH2" time="11.943" classname="quanlyhogiadinh.NhanKhauThemMoiTest">
    <failure type="org.openqa.selenium.ElementNotInteractableException" message="
Build info: version: &amp;apos;3.4.0&amp;apos;, revision: &amp;apos;unknown&amp;apos;, time: &amp;apos;unknown&amp;apos;
System info: host: &amp;apos;ICT-OS-HUONGHTT&amp;apos;, ip: &amp;apos;10.61.187.146&amp;apos;, os.name: &amp;apos;Windows 7&amp;apos;, os.arch: &amp;apos;amd64&amp;apos;, os.version: &amp;apos;6.1&amp;apos;, java.version: &amp;apos;1.8.0_101&amp;apos;
Driver info: org.openqa.selenium.firefox.FirefoxDriver
Capabilities [{moz:profile=C:\Users\ICT-OS~1\AppData\Local\Temp\rust_mozprofile.nds3VJL3ruEI, rotatable=false, timeouts={implicit=0.0, pageLoad=300000.0, script=30000.0}, pageLoadStrategy=normal, platform=ANY, specificationLevel=0.0, moz:accessibilityChecks=false, acceptInsecureCerts=false, browserVersion=54.0, platformVersion=6.1, moz:processID=7792.0, browserName=firefox, javascriptEnabled=true, platformName=windows_nt}]
Session ID: 921b6288-43db-4827-ac8a-cf0a09fc8c72">
      <![CDATA[org.openqa.selenium.ElementNotInteractableException: 
Build info: version: '3.4.0', revision: 'unknown', time: 'unknown'
System info: host: 'ICT-OS-HUONGHTT', ip: '10.61.187.146', os.name: 'Windows 7', os.arch: 'amd64', os.version: '6.1', java.version: '1.8.0_101'
Driver info: org.openqa.selenium.firefox.FirefoxDriver
Capabilities [{moz:profile=C:\Users\ICT-OS~1\AppData\Local\Temp\rust_mozprofile.nds3VJL3ruEI, rotatable=false, timeouts={implicit=0.0, pageLoad=300000.0, script=30000.0}, pageLoadStrategy=normal, platform=ANY, specificationLevel=0.0, moz:accessibilityChecks=false, acceptInsecureCerts=false, browserVersion=54.0, platformVersion=6.1, moz:processID=7792.0, browserName=firefox, javascriptEnabled=true, platformName=windows_nt}]
Session ID: 921b6288-43db-4827-ac8a-cf0a09fc8c72
	at org.openqa.selenium.remote.http.W3CHttpResponseCodec.createException(W3CHttpResponseCodec.java:150)
	at org.openqa.selenium.remote.http.W3CHttpResponseCodec.decode(W3CHttpResponseCodec.java:115)
	at org.openqa.selenium.remote.http.W3CHttpResponseCodec.decode(W3CHttpResponseCodec.java:45)
	at org.openqa.selenium.remote.HttpCommandExecutor.execute(HttpCommandExecutor.java:164)
	at org.openqa.selenium.remote.service.DriverCommandExecutor.execute(DriverCommandExecutor.java:82)
	at org.openqa.selenium.remote.RemoteWebDriver.execute(RemoteWebDriver.java:637)
	at org.openqa.selenium.remote.RemoteWebElement.execute(RemoteWebElement.java:272)
	at org.openqa.selenium.remote.RemoteWebElement.click(RemoteWebElement.java:82)
	at genneral.Method.click(Method.java:31)
	at quanlyhogiadinh.NhanKhauThemMoi.kiemTraChucNangNutDongMH2(NhanKhauThemMoi.java:291)
	at quanlyhogiadinh.NhanKhauThemMoiTest.kiemTraChucNangNutDongMH2(NhanKhauThemMoiTest.java:104)
... Removed 29 stack frames]]>
    </failure>
  </testcase> <!-- kiemTraChucNangNutDongMH2 -->
  <testcase name="kiemTraNutLuuMH2KhiNhapDayDuDuLieu" time="5.039" classname="quanlyhogiadinh.NhanKhauThemMoiTest">
    <failure type="org.openqa.selenium.NoSuchElementException" message="Unable to locate element: .//*[@id=&amp;apos;body&amp;apos;]/div[1]/div[4]/div[2]/div/div/div[3]/div[2]/div[2]/button[1]
For documentation on this error, please visit: http://seleniumhq.org/exceptions/no_such_element.html
Build info: version: &amp;apos;3.4.0&amp;apos;, revision: &amp;apos;unknown&amp;apos;, time: &amp;apos;unknown&amp;apos;
System info: host: &amp;apos;ICT-OS-HUONGHTT&amp;apos;, ip: &amp;apos;10.61.187.146&amp;apos;, os.name: &amp;apos;Windows 7&amp;apos;, os.arch: &amp;apos;amd64&amp;apos;, os.version: &amp;apos;6.1&amp;apos;, java.version: &amp;apos;1.8.0_101&amp;apos;
Driver info: org.openqa.selenium.firefox.FirefoxDriver
Capabilities [{moz:profile=C:\Users\ICT-OS~1\AppData\Local\Temp\rust_mozprofile.nds3VJL3ruEI, rotatable=false, timeouts={implicit=0.0, pageLoad=300000.0, script=30000.0}, pageLoadStrategy=normal, platform=ANY, specificationLevel=0.0, moz:accessibilityChecks=false, acceptInsecureCerts=false, browserVersion=54.0, platformVersion=6.1, moz:processID=7792.0, browserName=firefox, javascriptEnabled=true, platformName=windows_nt}]
Session ID: 921b6288-43db-4827-ac8a-cf0a09fc8c72
*** Element info: {Using=xpath, value=.//*[@id=&amp;apos;body&amp;apos;]/div[1]/div[4]/div[2]/div/div/div[3]/div[2]/div[2]/button[1]}">
      <![CDATA[org.openqa.selenium.NoSuchElementException: Unable to locate element: .//*[@id='body']/div[1]/div[4]/div[2]/div/div/div[3]/div[2]/div[2]/button[1]
For documentation on this error, please visit: http://seleniumhq.org/exceptions/no_such_element.html
Build info: version: '3.4.0', revision: 'unknown', time: 'unknown'
System info: host: 'ICT-OS-HUONGHTT', ip: '10.61.187.146', os.name: 'Windows 7', os.arch: 'amd64', os.version: '6.1', java.version: '1.8.0_101'
Driver info: org.openqa.selenium.firefox.FirefoxDriver
Capabilities [{moz:profile=C:\Users\ICT-OS~1\AppData\Local\Temp\rust_mozprofile.nds3VJL3ruEI, rotatable=false, timeouts={implicit=0.0, pageLoad=300000.0, script=30000.0}, pageLoadStrategy=normal, platform=ANY, specificationLevel=0.0, moz:accessibilityChecks=false, acceptInsecureCerts=false, browserVersion=54.0, platformVersion=6.1, moz:processID=7792.0, browserName=firefox, javascriptEnabled=true, platformName=windows_nt}]
Session ID: 921b6288-43db-4827-ac8a-cf0a09fc8c72
*** Element info: {Using=xpath, value=.//*[@id='body']/div[1]/div[4]/div[2]/div/div/div[3]/div[2]/div[2]/button[1]}
	at org.openqa.selenium.remote.http.W3CHttpResponseCodec.createException(W3CHttpResponseCodec.java:150)
	at org.openqa.selenium.remote.http.W3CHttpResponseCodec.decode(W3CHttpResponseCodec.java:115)
	at org.openqa.selenium.remote.http.W3CHttpResponseCodec.decode(W3CHttpResponseCodec.java:45)
	at org.openqa.selenium.remote.HttpCommandExecutor.execute(HttpCommandExecutor.java:164)
	at org.openqa.selenium.remote.service.DriverCommandExecutor.execute(DriverCommandExecutor.java:82)
	at org.openqa.selenium.remote.RemoteWebDriver.execute(RemoteWebDriver.java:637)
	at org.openqa.selenium.remote.RemoteWebDriver.findElement(RemoteWebDriver.java:410)
	at org.openqa.selenium.remote.RemoteWebDriver.findElementByXPath(RemoteWebDriver.java:509)
	at org.openqa.selenium.By$ByXPath.findElement(By.java:361)
	at org.openqa.selenium.remote.RemoteWebDriver.findElement(RemoteWebDriver.java:402)
	at genneral.Method.click(Method.java:31)
	at quanlyhogiadinh.NhanKhauThemMoi.kiemTraNutLuuMH2KhiNhapDayDuDuLieu(NhanKhauThemMoi.java:300)
	at quanlyhogiadinh.NhanKhauThemMoiTest.kiemTraNutLuuMH2KhiNhapDayDuDuLieu(NhanKhauThemMoiTest.java:109)
... Removed 29 stack frames]]>
    </failure>
  </testcase> <!-- kiemTraNutLuuMH2KhiNhapDayDuDuLieu -->
  <testcase name="kiemTraChucNangNutXemThongTinNK" time="0.333" classname="quanlyhogiadinh.NhanKhauThemMoiTest">
    <failure type="java.lang.AssertionError" message="expected [Thông tin cá nhân] but found [Thêm mới hoặc sửa thông tin cá nhân]">
      <![CDATA[java.lang.AssertionError: expected [Thông tin cá nhân] but found [Thêm mới hoặc sửa thông tin cá nhân]
	at quanlyhogiadinh.NhanKhauThemMoi.kiemTraChucNangNutXemThongTinNK(NhanKhauThemMoi.java:371)
	at quanlyhogiadinh.NhanKhauThemMoiTest.kiemTraChucNangNutXemThongTinNK(NhanKhauThemMoiTest.java:114)
... Removed 31 stack frames]]>
    </failure>
  </testcase> <!-- kiemTraChucNangNutXemThongTinNK -->
  <testcase name="kiemTraClickNutSuaThongTinNhanKhauSangMHThemMoiHoacSuaThongTinCaNhan" time="5.031" classname="quanlyhogiadinh.NhanKhauThemMoiTest">
    <failure type="org.openqa.selenium.NoSuchElementException" message="Unable to locate element: .//*[@id=&amp;apos;body&amp;apos;]/div[1]/div[4]/div[2]/div/div/div[3]/div[3]/div/div/table/tbody/tr/td[8]/a[2]/i
For documentation on this error, please visit: http://seleniumhq.org/exceptions/no_such_element.html
Build info: version: &amp;apos;3.4.0&amp;apos;, revision: &amp;apos;unknown&amp;apos;, time: &amp;apos;unknown&amp;apos;
System info: host: &amp;apos;ICT-OS-HUONGHTT&amp;apos;, ip: &amp;apos;10.61.187.146&amp;apos;, os.name: &amp;apos;Windows 7&amp;apos;, os.arch: &amp;apos;amd64&amp;apos;, os.version: &amp;apos;6.1&amp;apos;, java.version: &amp;apos;1.8.0_101&amp;apos;
Driver info: org.openqa.selenium.firefox.FirefoxDriver
Capabilities [{moz:profile=C:\Users\ICT-OS~1\AppData\Local\Temp\rust_mozprofile.nds3VJL3ruEI, rotatable=false, timeouts={implicit=0.0, pageLoad=300000.0, script=30000.0}, pageLoadStrategy=normal, platform=ANY, specificationLevel=0.0, moz:accessibilityChecks=false, acceptInsecureCerts=false, browserVersion=54.0, platformVersion=6.1, moz:processID=7792.0, browserName=firefox, javascriptEnabled=true, platformName=windows_nt}]
Session ID: 921b6288-43db-4827-ac8a-cf0a09fc8c72
*** Element info: {Using=xpath, value=.//*[@id=&amp;apos;body&amp;apos;]/div[1]/div[4]/div[2]/div/div/div[3]/div[3]/div/div/table/tbody/tr/td[8]/a[2]/i}">
      <![CDATA[org.openqa.selenium.NoSuchElementException: Unable to locate element: .//*[@id='body']/div[1]/div[4]/div[2]/div/div/div[3]/div[3]/div/div/table/tbody/tr/td[8]/a[2]/i
For documentation on this error, please visit: http://seleniumhq.org/exceptions/no_such_element.html
Build info: version: '3.4.0', revision: 'unknown', time: 'unknown'
System info: host: 'ICT-OS-HUONGHTT', ip: '10.61.187.146', os.name: 'Windows 7', os.arch: 'amd64', os.version: '6.1', java.version: '1.8.0_101'
Driver info: org.openqa.selenium.firefox.FirefoxDriver
Capabilities [{moz:profile=C:\Users\ICT-OS~1\AppData\Local\Temp\rust_mozprofile.nds3VJL3ruEI, rotatable=false, timeouts={implicit=0.0, pageLoad=300000.0, script=30000.0}, pageLoadStrategy=normal, platform=ANY, specificationLevel=0.0, moz:accessibilityChecks=false, acceptInsecureCerts=false, browserVersion=54.0, platformVersion=6.1, moz:processID=7792.0, browserName=firefox, javascriptEnabled=true, platformName=windows_nt}]
Session ID: 921b6288-43db-4827-ac8a-cf0a09fc8c72
*** Element info: {Using=xpath, value=.//*[@id='body']/div[1]/div[4]/div[2]/div/div/div[3]/div[3]/div/div/table/tbody/tr/td[8]/a[2]/i}
	at org.openqa.selenium.remote.http.W3CHttpResponseCodec.createException(W3CHttpResponseCodec.java:150)
	at org.openqa.selenium.remote.http.W3CHttpResponseCodec.decode(W3CHttpResponseCodec.java:115)
	at org.openqa.selenium.remote.http.W3CHttpResponseCodec.decode(W3CHttpResponseCodec.java:45)
	at org.openqa.selenium.remote.HttpCommandExecutor.execute(HttpCommandExecutor.java:164)
	at org.openqa.selenium.remote.service.DriverCommandExecutor.execute(DriverCommandExecutor.java:82)
	at org.openqa.selenium.remote.RemoteWebDriver.execute(RemoteWebDriver.java:637)
	at org.openqa.selenium.remote.RemoteWebDriver.findElement(RemoteWebDriver.java:410)
	at org.openqa.selenium.remote.RemoteWebDriver.findElementByXPath(RemoteWebDriver.java:509)
	at org.openqa.selenium.By$ByXPath.findElement(By.java:361)
	at org.openqa.selenium.remote.RemoteWebDriver.findElement(RemoteWebDriver.java:402)
	at genneral.Method.click(Method.java:31)
	at quanlyhogiadinh.NhanKhauThemMoi.kiemTraClickNutSuaThongTinNhanKhauSangMHThemMoiHoacSuaThongTinCaNhan(NhanKhauThemMoi.java:376)
	at quanlyhogiadinh.NhanKhauThemMoiTest.kiemTraClickNutSuaThongTinNhanKhauSangMHThemMoiHoacSuaThongTinCaNhan(NhanKhauThemMoiTest.java:119)
... Removed 29 stack frames]]>
    </failure>
  </testcase> <!-- kiemTraClickNutSuaThongTinNhanKhauSangMHThemMoiHoacSuaThongTinCaNhan -->
  <testcase name="kiemTraThongBaoKhiNhapThongTinBoMeLaChinhNhanKhauDangXet" time="0.036" classname="quanlyhogiadinh.NhanKhauThemMoiTest">
    <failure type="org.openqa.selenium.ElementNotInteractableException" message="
Build info: version: &amp;apos;3.4.0&amp;apos;, revision: &amp;apos;unknown&amp;apos;, time: &amp;apos;unknown&amp;apos;
System info: host: &amp;apos;ICT-OS-HUONGHTT&amp;apos;, ip: &amp;apos;10.61.187.146&amp;apos;, os.name: &amp;apos;Windows 7&amp;apos;, os.arch: &amp;apos;amd64&amp;apos;, os.version: &amp;apos;6.1&amp;apos;, java.version: &amp;apos;1.8.0_101&amp;apos;
Driver info: org.openqa.selenium.firefox.FirefoxDriver
Capabilities [{moz:profile=C:\Users\ICT-OS~1\AppData\Local\Temp\rust_mozprofile.nds3VJL3ruEI, rotatable=false, timeouts={implicit=0.0, pageLoad=300000.0, script=30000.0}, pageLoadStrategy=normal, platform=ANY, specificationLevel=0.0, moz:accessibilityChecks=false, acceptInsecureCerts=false, browserVersion=54.0, platformVersion=6.1, moz:processID=7792.0, browserName=firefox, javascriptEnabled=true, platformName=windows_nt}]
Session ID: 921b6288-43db-4827-ac8a-cf0a09fc8c72">
      <![CDATA[org.openqa.selenium.ElementNotInteractableException: 
Build info: version: '3.4.0', revision: 'unknown', time: 'unknown'
System info: host: 'ICT-OS-HUONGHTT', ip: '10.61.187.146', os.name: 'Windows 7', os.arch: 'amd64', os.version: '6.1', java.version: '1.8.0_101'
Driver info: org.openqa.selenium.firefox.FirefoxDriver
Capabilities [{moz:profile=C:\Users\ICT-OS~1\AppData\Local\Temp\rust_mozprofile.nds3VJL3ruEI, rotatable=false, timeouts={implicit=0.0, pageLoad=300000.0, script=30000.0}, pageLoadStrategy=normal, platform=ANY, specificationLevel=0.0, moz:accessibilityChecks=false, acceptInsecureCerts=false, browserVersion=54.0, platformVersion=6.1, moz:processID=7792.0, browserName=firefox, javascriptEnabled=true, platformName=windows_nt}]
Session ID: 921b6288-43db-4827-ac8a-cf0a09fc8c72
	at org.openqa.selenium.remote.http.W3CHttpResponseCodec.createException(W3CHttpResponseCodec.java:150)
	at org.openqa.selenium.remote.http.W3CHttpResponseCodec.decode(W3CHttpResponseCodec.java:115)
	at org.openqa.selenium.remote.http.W3CHttpResponseCodec.decode(W3CHttpResponseCodec.java:45)
	at org.openqa.selenium.remote.HttpCommandExecutor.execute(HttpCommandExecutor.java:164)
	at org.openqa.selenium.remote.service.DriverCommandExecutor.execute(DriverCommandExecutor.java:82)
	at org.openqa.selenium.remote.RemoteWebDriver.execute(RemoteWebDriver.java:637)
	at org.openqa.selenium.remote.RemoteWebElement.execute(RemoteWebElement.java:272)
	at org.openqa.selenium.remote.RemoteWebElement.click(RemoteWebElement.java:82)
	at genneral.Method.click(Method.java:31)
	at quanlyhogiadinh.NhanKhauThemMoi.kiemTraThongBaoKhiNhapThongTinBoMeLaChinhNhanKhauDangXet(NhanKhauThemMoi.java:385)
	at quanlyhogiadinh.NhanKhauThemMoiTest.kiemTraThongBaoKhiNhapThongTinBoMeLaChinhNhanKhauDangXet(NhanKhauThemMoiTest.java:124)
... Removed 29 stack frames]]>
    </failure>
  </testcase> <!-- kiemTraThongBaoKhiNhapThongTinBoMeLaChinhNhanKhauDangXet -->
  <testcase name="kiemTraClickNutXoaThongTinNhanKhauSangMHXacNhanHanhDongXoa" time="5.056" classname="quanlyhogiadinh.NhanKhauThemMoiTest">
    <failure type="org.openqa.selenium.NoSuchElementException" message="Unable to locate element: html/body/div[1]/div[4]/div[2]/div/div/div[3]/div[3]/div/div/table/tbody/tr/td[8]/a[3]/i
For documentation on this error, please visit: http://seleniumhq.org/exceptions/no_such_element.html
Build info: version: &amp;apos;3.4.0&amp;apos;, revision: &amp;apos;unknown&amp;apos;, time: &amp;apos;unknown&amp;apos;
System info: host: &amp;apos;ICT-OS-HUONGHTT&amp;apos;, ip: &amp;apos;10.61.187.146&amp;apos;, os.name: &amp;apos;Windows 7&amp;apos;, os.arch: &amp;apos;amd64&amp;apos;, os.version: &amp;apos;6.1&amp;apos;, java.version: &amp;apos;1.8.0_101&amp;apos;
Driver info: org.openqa.selenium.firefox.FirefoxDriver
Capabilities [{moz:profile=C:\Users\ICT-OS~1\AppData\Local\Temp\rust_mozprofile.nds3VJL3ruEI, rotatable=false, timeouts={implicit=0.0, pageLoad=300000.0, script=30000.0}, pageLoadStrategy=normal, platform=ANY, specificationLevel=0.0, moz:accessibilityChecks=false, acceptInsecureCerts=false, browserVersion=54.0, platformVersion=6.1, moz:processID=7792.0, browserName=firefox, javascriptEnabled=true, platformName=windows_nt}]
Session ID: 921b6288-43db-4827-ac8a-cf0a09fc8c72
*** Element info: {Using=xpath, value=html/body/div[1]/div[4]/div[2]/div/div/div[3]/div[3]/div/div/table/tbody/tr/td[8]/a[3]/i}">
      <![CDATA[org.openqa.selenium.NoSuchElementException: Unable to locate element: html/body/div[1]/div[4]/div[2]/div/div/div[3]/div[3]/div/div/table/tbody/tr/td[8]/a[3]/i
For documentation on this error, please visit: http://seleniumhq.org/exceptions/no_such_element.html
Build info: version: '3.4.0', revision: 'unknown', time: 'unknown'
System info: host: 'ICT-OS-HUONGHTT', ip: '10.61.187.146', os.name: 'Windows 7', os.arch: 'amd64', os.version: '6.1', java.version: '1.8.0_101'
Driver info: org.openqa.selenium.firefox.FirefoxDriver
Capabilities [{moz:profile=C:\Users\ICT-OS~1\AppData\Local\Temp\rust_mozprofile.nds3VJL3ruEI, rotatable=false, timeouts={implicit=0.0, pageLoad=300000.0, script=30000.0}, pageLoadStrategy=normal, platform=ANY, specificationLevel=0.0, moz:accessibilityChecks=false, acceptInsecureCerts=false, browserVersion=54.0, platformVersion=6.1, moz:processID=7792.0, browserName=firefox, javascriptEnabled=true, platformName=windows_nt}]
Session ID: 921b6288-43db-4827-ac8a-cf0a09fc8c72
*** Element info: {Using=xpath, value=html/body/div[1]/div[4]/div[2]/div/div/div[3]/div[3]/div/div/table/tbody/tr/td[8]/a[3]/i}
	at org.openqa.selenium.remote.http.W3CHttpResponseCodec.createException(W3CHttpResponseCodec.java:150)
	at org.openqa.selenium.remote.http.W3CHttpResponseCodec.decode(W3CHttpResponseCodec.java:115)
	at org.openqa.selenium.remote.http.W3CHttpResponseCodec.decode(W3CHttpResponseCodec.java:45)
	at org.openqa.selenium.remote.HttpCommandExecutor.execute(HttpCommandExecutor.java:164)
	at org.openqa.selenium.remote.service.DriverCommandExecutor.execute(DriverCommandExecutor.java:82)
	at org.openqa.selenium.remote.RemoteWebDriver.execute(RemoteWebDriver.java:637)
	at org.openqa.selenium.remote.RemoteWebDriver.findElement(RemoteWebDriver.java:410)
	at org.openqa.selenium.remote.RemoteWebDriver.findElementByXPath(RemoteWebDriver.java:509)
	at org.openqa.selenium.By$ByXPath.findElement(By.java:361)
	at org.openqa.selenium.remote.RemoteWebDriver.findElement(RemoteWebDriver.java:402)
	at genneral.Method.click(Method.java:31)
	at quanlyhogiadinh.NhanKhauThemMoi.kiemTraClickNutXoaThongTinNhanKhauSangMHXacNhanHanhDongXoa(NhanKhauThemMoi.java:401)
	at quanlyhogiadinh.NhanKhauThemMoiTest.kiemTraClickNutXoaThongTinNhanKhauSangMHXacNhanHanhDongXoa(NhanKhauThemMoiTest.java:129)
... Removed 29 stack frames]]>
    </failure>
  </testcase> <!-- kiemTraClickNutXoaThongTinNhanKhauSangMHXacNhanHanhDongXoa -->
</testsuite> <!-- QLHoGDTest1 -->
